date: 2013-12-11 23:24:45.410
argv: c:\Program Files\nodejs\node.exe c:\Documents and Settings\user\Application Data\npm\node_modules\hexo\bin\hexo generate
os: Windows_NT 5.1.2600 win32 ia32
version:
  hexo: 2.3.0
  http_parser: 1.0
  node: 0.10.22
  v8: 3.14.5.9
  ares: 1.9.0-DEV
  uv: 0.10.19
  zlib: 1.2.3
  modules: 11
  openssl: 1.0.1e
---

[debug] 23:24:44.919 Configuration file load successfully
[debug] 23:24:44.922 Version info checked successfully
[debug] 23:24:44.922 Loading the database...
[debug] 23:24:45.390 Theme layout loaded
[error] 23:24:45.396 { rawMessage: 'Unable to parse.',
  parsedLine: 24,
  snippet: ' pubid:',
  parsedFile: null,
  message: 'Theme configuration load failed',
  name: 'HexoError',
  stack: undefined }
[debug] 23:24:45.451 Processed: CNAME
[debug] 23:24:45.474 Processed: uploads/avatar-reading.jpg
[debug] 23:24:45.479 Processed: uploads/avatar.jpg
[debug] 23:24:45.480 Processed: uploads/email.gif
[debug] 23:24:45.487 Processed: about/index.md